(t0): New task P1
(t0): P1 running
(t1): New task P4
(t1): P1 running
(t2): New task P2
(t2): P1 running
(t3): New task P3
(t3): P1 running
(t4): P1 running
(t5): Task P1 goes to sleep until (t8)
(t4): Context switch (P1)<->(P4)
(t5): P4 running
(t6): P4 running
(t7): P4 running
(t8): task P1 awake
(t8): P4 running
(t9): Task P4 goes to sleep until (t10)
(t8): Context switch (P4)<->(P2)
(t9): P2 running
(t10): task P4 awake
(t10): P2 running
(t11): P2 running
(t12): Task P2 goes to sleep until (t15)
(t11): Context switch (P2)<->(P3)
(t12): P3 running
(t13): Task P3 goes to sleep until (t18)
(t12): Context switch (P3)<->(P1)
(t13): P1 running
(t14): P1 running
(t15): task P2 awake
(t14): Context switch (P1)<->(P4)
(t15): P4 running
(t16): P4 running
(t16): Context switch (P4)<->(P2)
(t17): P2 running
(t18): Task P2 goes to sleep until (t19)
(t18): task P3 awake
(t17): Context switch (P2)<->(P3)
(t18): P3 running
(t18): Context switch (P3)<->(idle)
==================
P1	0	5	running
P1	5	8	I/O
P1	8	13	ready
P1	13	15	running
P2	2	9	ready
P2	9	12	running
P2	12	15	I/O
P2	15	17	ready
P2	17	18	running
P2	18	19	I/O
P3	3	12	ready
P3	12	13	running
P3	13	18	I/O
P3	18	19	running
P4	1	5	ready
P4	5	9	running
P4	9	10	I/O
P4	10	15	ready
P4	15	17	running
